{"level":"error","message":"Error : ReferenceError: user_id is not defined"}
{"level":"error","message":"Error : ReferenceError: user_id is not defined"}
{"level":"error","message":"Error : ReferenceError: user_id is not defined"}
{"level":"error","message":"Error : TypeError: Cannot read properties of undefined (reading 'affectedRows')"}
{"level":"error","message":"Error : TypeError: Cannot read properties of undefined (reading 'affectedRows')"}
{"level":"error","message":"Error : TypeError: Cannot read properties of undefined (reading 'affectedRows')"}
{"level":"error","message":"Error : TypeError: Cannot read properties of undefined (reading 'affectedRows')"}
{"level":"error","message":"Error : TypeError: Cannot read properties of undefined (reading 'current_members')"}
{"level":"error","message":"Error : TypeError: Cannot read properties of undefined (reading 'current_members')"}
{"level":"error","message":"Error : TypeError: Cannot read properties of undefined (reading 'current_members')"}
{"level":"error","message":"Error : TypeError: Cannot read properties of undefined (reading 'current_members')"}
{"level":"error","message":"Error : TypeError: Cannot read properties of undefined (reading 'current_members')"}
{"level":"error","message":"Error : SyntaxError: Unexpected token o in JSON at position 1"}
{"level":"error","message":"Error : SyntaxError: Unexpected token o in JSON at position 1"}
{"level":"error","message":"Error : SyntaxError: Unexpected token o in JSON at position 1"}
{"level":"error","message":"Error : SyntaxError: Unexpected token o in JSON at position 1"}
{"level":"error","message":"Error : SyntaxError: Unexpected token o in JSON at position 1"}
{"level":"error","message":"Error : SyntaxError: Unexpected token o in JSON at position 1"}
{"level":"error","message":"Error : SyntaxError: Unexpected token o in JSON at position 1"}
{"level":"error","message":"Error : SyntaxError: Unexpected token o in JSON at position 1"}
{"level":"error","message":"Error : SyntaxError: Unexpected token o in JSON at position 1"}
{"level":"error","message":"Error : SyntaxError: Unexpected token o in JSON at position 1"}
{"level":"error","message":"Error : SyntaxError: Unexpected token o in JSON at position 1"}
{"level":"error","message":"Error : SyntaxError: Unexpected token o in JSON at position 1"}
{"level":"error","message":"Error : SyntaxError: Unexpected token o in JSON at position 1"}
{"level":"error","message":"Error : SyntaxError: Unexpected token o in JSON at position 1"}
{"level":"error","message":"Error : SyntaxError: Unexpected token o in JSON at position 1"}
{"level":"error","message":"Error : SyntaxError: Unexpected token o in JSON at position 1"}
{"level":"error","message":"Error : SyntaxError: Unexpected token o in JSON at position 1"}
{"level":"error","message":"Error : SyntaxError: Unexpected token o in JSON at position 1"}
{"level":"error","message":"Error : SyntaxError: Unexpected token o in JSON at position 1"}
{"level":"error","message":"Error : SyntaxError: Unexpected token o in JSON at position 1"}
{"level":"error","message":"Error : SyntaxError: Unexpected token o in JSON at position 1"}
{"level":"error","message":"Error : TypeError: Cannot read properties of undefined (reading 'current_members')"}
{"level":"error","message":"Error : TypeError: Cannot read properties of undefined (reading 'split')"}
{"level":"error","message":"Error : TypeError: Cannot read properties of undefined (reading 'split')"}
